<?xml version="1.0" encoding="UTF-8"?>
<!-- Generated by org.testng.reporters.JUnitReportReporter -->
<testsuite skipped="0" hostname="DESKTOP-DBMIT0V" name="auth.JWT_Auth" tests="1" failures="0" timestamp="25 Oct 2018 16:22:16 GMT" time="2.305" errors="0">
  <testcase name="getAllModuleTest" time="2.305" classname="auth.JWT_Auth"/>
</testsuite> <!-- auth.JWT_Auth -->
