<?xml version="1.0" encoding="UTF-8"?>
<!-- Generated by org.testng.reporters.JUnitReportReporter -->
<testsuite skipped="0" hostname="DESKTOP-DBMIT0V" name="RestApiTesting.users.UserActionTest" tests="1" failures="0" timestamp="06 Sep 2018 20:56:37 GMT" time="2.074" errors="0">
  <testcase name="createRandomUser" time="2.074" classname="RestApiTesting.users.UserActionTest"/>
</testsuite> <!-- RestApiTesting.users.UserActionTest -->
