<?xml version="1.0" encoding="UTF-8"?>
<!-- Generated by org.testng.reporters.JUnitReportReporter -->
<testsuite skipped="0" hostname="DESKTOP-DBMIT0V" name="RestApiTesting.users.JsonToJava" tests="1" failures="0" timestamp="24 Oct 2018 20:27:32 GMT" time="3.026" errors="0">
  <testcase name="getTest" time="3.026" classname="RestApiTesting.users.JsonToJava"/>
</testsuite> <!-- RestApiTesting.users.JsonToJava -->
