<?xml version="1.0" encoding="UTF-8"?>
<!-- Generated by org.testng.reporters.JUnitReportReporter -->
<testsuite skipped="0" hostname="DESKTOP-DBMIT0V" name="RestApiTesting.users.JSONPath" tests="1" failures="0" timestamp="06 Sep 2018 23:03:56 GMT" time="1.489" errors="0">
  <testcase name="testJSONPath" time="1.489" classname="RestApiTesting.users.JSONPath"/>
</testsuite> <!-- RestApiTesting.users.JSONPath -->
