<?xml version="1.0" encoding="UTF-8"?>
<!-- Generated by org.testng.reporters.JUnitReportReporter -->
<testsuite skipped="0" hostname="DESKTOP-DBMIT0V" name="RestApiTesting.users.CustomSerilizeDeserlization" tests="1" failures="0" timestamp="24 Oct 2018 20:15:35 GMT" time="0.217" errors="0">
  <testcase name="test" time="0.217" classname="RestApiTesting.users.CustomSerilizeDeserlization"/>
</testsuite> <!-- RestApiTesting.users.CustomSerilizeDeserlization -->
