<?xml version="1.0" encoding="UTF-8"?>
<!-- Generated by org.testng.reporters.JUnitReportReporter -->
<testsuite skipped="0" hostname="DESKTOP-DBMIT0V" name="RestApiTesting.users.CharacterTest" tests="1" failures="0" timestamp="17 Sep 2018 20:27:40 GMT" time="0.231" errors="0">
  <testcase name="testCharacter" time="0.231" classname="RestApiTesting.users.CharacterTest"/>
</testsuite> <!-- RestApiTesting.users.CharacterTest -->
