<?xml version="1.0" encoding="UTF-8"?>
<!-- Generated by org.testng.reporters.JUnitReportReporter -->
<testsuite skipped="0" hostname="DESKTOP-DBMIT0V" name="auth.Oath2" tests="1" failures="0" timestamp="18 Sep 2018 21:37:58 GMT" time="1.817" errors="0">
  <testcase name="getAllModuleTest" time="1.817" classname="auth.Oath2"/>
</testsuite> <!-- auth.Oath2 -->
