<?xml version="1.0" encoding="UTF-8"?>
<!-- Generated by org.testng.reporters.JUnitReportReporter -->
<testsuite skipped="0" hostname="DESKTOP-DBMIT0V" name="RestApiTesting.users.JsonDataBind2" tests="1" failures="0" timestamp="17 Sep 2018 23:47:24 GMT" time="1.996" errors="0">
  <testcase name="postWithMap" time="1.996" classname="RestApiTesting.users.JsonDataBind2"/>
</testsuite> <!-- RestApiTesting.users.JsonDataBind2 -->
