<?xml version="1.0" encoding="UTF-8"?>
<!-- Generated by org.testng.reporters.JUnitReportReporter -->
<testsuite skipped="0" hostname="DESKTOP-DBMIT0V" name="RestApiTesting.users.JavaToJson" tests="1" failures="0" timestamp="29 Aug 2018 01:50:50 GMT" time="0.264" errors="0">
  <testcase name="databindTest" time="0.264" classname="RestApiTesting.users.JavaToJson"/>
</testsuite> <!-- RestApiTesting.users.JavaToJson -->
