<?xml version="1.0" encoding="UTF-8"?>
<!-- Generated by org.testng.reporters.JUnitReportReporter -->
<testsuite skipped="0" hostname="DESKTOP-DBMIT0V" name="RestApiTesting.users.JsonPath_PRACTICE2" tests="1" failures="0" timestamp="08 Sep 2018 18:48:38 GMT" time="1.370" errors="0">
  <testcase name="getTest" time="1.370" classname="RestApiTesting.users.JsonPath_PRACTICE2"/>
</testsuite> <!-- RestApiTesting.users.JsonPath_PRACTICE2 -->
