<?xml version="1.0" encoding="UTF-8"?>
<!-- Generated by org.testng.reporters.JUnitReportReporter -->
<testsuite skipped="0" hostname="DESKTOP-DBMIT0V" name="RestApiTesting.users.GameOfThrone" tests="1" failures="0" timestamp="17 Sep 2018 19:12:40 GMT" time="4.089" errors="0">
  <testcase name="testJson" time="4.089" classname="RestApiTesting.users.GameOfThrone"/>
</testsuite> <!-- RestApiTesting.users.GameOfThrone -->
