<?xml version="1.0" encoding="UTF-8"?>
<!-- Generated by org.testng.reporters.JUnitReportReporter -->
<testsuite skipped="0" hostname="DESKTOP-DBMIT0V" name="RestApiTesting.users.JsonDataBind" tests="1" failures="0" timestamp="24 Oct 2018 20:24:27 GMT" time="0.635" errors="0">
  <testcase name="databindTest" time="0.635" classname="RestApiTesting.users.JsonDataBind"/>
</testsuite> <!-- RestApiTesting.users.JsonDataBind -->
